2026-06-30 12:24:26.985 [pool-3-thread-1] INFO  com.rs.mv.mvvs.client.catalog.from.scan.CurrentPathScanner - [client:400205]scan file in current open file directory(C:/Users/mrviv/SmartERP/frontend/src/pages/Login)
2026-06-30 12:32:47.561 [pool-3-thread-1] INFO  com.rs.mv.mvvs.client.catalog.from.scan.CurrentPathScanner - [client:400205]scan file in current open file directory(C:/Users/mrviv/SmartERP/backend)
2026-06-30 12:32:58.919 [pool-3-thread-1] INFO  com.rs.mv.mvvs.client.catalog.from.scan.CurrentPathScanner - [client:400205]scan file in current open file directory(C:/Users/mrviv/SmartERP/backend)
2026-06-30 12:33:29.429 [pool-3-thread-1] INFO  com.rs.mv.mvvs.client.catalog.from.scan.CurrentPathScanner - [client:400205]scan file in current open file directory(C:/Users/mrviv/SmartERP/frontend/src/services)
2026-06-30 12:34:41.780 [pool-3-thread-1] INFO  com.rs.mv.mvvs.client.catalog.from.scan.CurrentPathScanner - [client:400205]scan file in current open file directory(C:/Users/mrviv/SmartERP/backend)
2026-06-30 12:35:11.070 [pool-3-thread-1] INFO  com.rs.mv.mvvs.client.catalog.from.scan.CurrentPathScanner - [client:400205]scan file in current open file directory(C:/Users/mrviv/SmartERP/backend)
2026-06-30 12:35:45.795 [pool-3-thread-1] INFO  com.rs.mv.mvvs.client.catalog.from.scan.CurrentPathScanner - [client:400205]scan file in current open file directory(C:/Users/mrviv/SmartERP/frontend)
2026-06-30 12:46:27.519 [pool-3-thread-1] INFO  com.rs.mv.mvvs.client.catalog.from.scan.CurrentPathScanner - [client:400205]scan file in current open file directory(C:/Users/mrviv/SmartERP/backend)
2026-06-30 13:06:55.208 [pool-3-thread-1] INFO  com.rs.mv.mvvs.client.catalog.from.scan.CurrentPathScanner - [client:400205]scan file in current open file directory(C:/Users/mrviv/SmartERP/frontend)
2026-06-30 13:11:22.625 [pool-3-thread-1] INFO  com.rs.mv.mvvs.client.catalog.from.scan.CurrentPathScanner - [client:400205]scan file in current open file directory(C:/Users/mrviv/SmartERP/frontend)
2026-06-30 13:11:26.344 [pool-3-thread-1] INFO  com.rs.mv.mvvs.client.catalog.from.scan.CurrentPathScanner - [client:400205]scan file in current open file directory(C:/Users/mrviv/SmartERP/backend)
2026-06-30 16:39:28.231 [pool-3-thread-1] INFO  com.rs.mv.mvvs.client.catalog.from.scan.CurrentPathScanner - [client:400205]scan file in current open file directory(C:/Users/mrviv/SmartERP/backend/src/controllers)
2026-06-30 16:39:42.967 [pool-3-thread-1] INFO  com.rs.mv.mvvs.client.catalog.from.scan.CurrentPathScanner - [client:400205]scan file in current open file directory(C:/Users/mrviv/SmartERP/backend/src/routes)
2026-06-30 16:40:07.167 [pool-3-thread-1] INFO  com.rs.mv.mvvs.client.catalog.from.scan.CurrentPathScanner - [client:400205]scan file in current open file directory(C:/Users/mrviv/SmartERP/backend)
2026-06-30 16:41:09.115 [pool-3-thread-1] INFO  com.rs.mv.mvvs.client.catalog.from.scan.CurrentPathScanner - [client:400205]scan file in current open file directory(C:/Users/mrviv/SmartERP/backend/src/routes)
2026-06-30 16:41:25.860 [pool-3-thread-1] INFO  com.rs.mv.mvvs.client.catalog.from.scan.CurrentPathScanner - [client:400205]scan file in current open file directory(C:/Users/mrviv/SmartERP/backend/src/controllers)
2026-06-30 16:44:37.540 [pool-3-thread-1] INFO  com.rs.mv.mvvs.client.catalog.from.scan.CurrentPathScanner - [client:400205]scan file in current open file directory(C:/Users/mrviv/SmartERP/frontend/src/pages/Ledger)
2026-06-30 16:44:45.582 [pool-3-thread-1] INFO  com.rs.mv.mvvs.client.catalog.from.scan.CurrentPathScanner - [client:400205]scan file in current open file directory(C:/Users/mrviv/SmartERP/frontend/src/pages/Ledger)
2026-06-30 16:44:52.922 [pool-3-thread-1] INFO  com.rs.mv.mvvs.client.catalog.from.scan.CurrentPathScanner - [client:400205]scan file in current open file directory(C:/Users/mrviv/SmartERP/frontend/src/pages/Ledger)
2026-06-30 16:46:20.993 [pool-3-thread-1] INFO  com.rs.mv.mvvs.client.catalog.from.scan.CurrentPathScanner - [client:400205]scan file in current open file directory(C:/Users/mrviv/SmartERP/backend/src/controllers)
2026-06-30 16:46:39.410 [pool-3-thread-1] INFO  com.rs.mv.mvvs.client.catalog.from.scan.CurrentPathScanner - [client:400205]scan file in current open file directory(C:/Users/mrviv/SmartERP/backend/src/routes)
2026-06-30 16:46:53.043 [pool-3-thread-1] INFO  com.rs.mv.mvvs.client.catalog.from.scan.CurrentPathScanner - [client:400205]scan file in current open file directory(C:/Users/mrviv/SmartERP/backend)
2026-06-30 20:24:45.345 [pool-3-thread-1] INFO  com.rs.mv.mvvs.client.catalog.from.scan.CurrentPathScanner - [client:400205]scan file in current open file directory(C:/Users/mrviv/SmartERP/frontend/src/pages/Group)
2026-06-30 20:24:58.087 [pool-3-thread-1] INFO  com.rs.mv.mvvs.client.catalog.from.scan.CurrentPathScanner - [client:400205]scan file in current open file directory(C:/Users/mrviv/SmartERP/frontend/src/pages/Group)
2026-06-30 20:25:05.003 [pool-3-thread-1] INFO  com.rs.mv.mvvs.client.catalog.from.scan.CurrentPathScanner - [client:400205]scan file in current open file directory(C:/Users/mrviv/SmartERP/frontend/src/pages/Group)
2026-06-30 20:25:19.954 [pool-3-thread-1] INFO  com.rs.mv.mvvs.client.catalog.from.scan.CurrentPathScanner - [client:400205]scan file in current open file directory(C:/Users/mrviv/SmartERP/frontend/src/services)
2026-06-30 20:26:33.074 [pool-3-thread-1] INFO  com.rs.mv.mvvs.client.catalog.from.scan.CurrentPathScanner - [client:400205]scan file in current open file directory(C:/Users/mrviv/SmartERP/backend/src/controllers)
2026-06-30 20:26:39.649 [pool-3-thread-1] INFO  com.rs.mv.mvvs.client.catalog.from.scan.CurrentPathScanner - [client:400205]scan file in current open file directory(C:/Users/mrviv/SmartERP/backend/src/controllers)
2026-06-30 20:27:47.943 [pool-3-thread-1] INFO  com.rs.mv.mvvs.client.catalog.from.scan.CurrentPathScanner - [client:400205]scan file in current open file directory(C:/Users/mrviv/SmartERP/backend/src/controllers)
2026-06-30 20:28:02.075 [pool-3-thread-1] INFO  com.rs.mv.mvvs.client.catalog.from.scan.CurrentPathScanner - [client:400205]scan file in current open file directory(C:/Users/mrviv/SmartERP/backend/src/controllers)
2026-06-30 20:28:16.574 [pool-3-thread-1] INFO  com.rs.mv.mvvs.client.catalog.from.scan.CurrentPathScanner - [client:400205]scan file in current open file directory(C:/Users/mrviv/SmartERP/backend/src/controllers)
2026-06-30 20:29:29.681 [pool-3-thread-1] INFO  com.rs.mv.mvvs.client.catalog.from.scan.CurrentPathScanner - [client:400205]scan file in current open file directory(C:/Users/mrviv/SmartERP/backend/src/services)
2026-06-30 20:29:38.119 [pool-3-thread-1] INFO  com.rs.mv.mvvs.client.catalog.from.scan.CurrentPathScanner - [client:400205]scan file in current open file directory(C:/Users/mrviv/SmartERP/backend/src/services)
2026-06-30 20:29:47.447 [pool-3-thread-1] INFO  com.rs.mv.mvvs.client.catalog.from.scan.CurrentPathScanner - [client:400205]scan file in current open file directory(C:/Users/mrviv/SmartERP/backend/src/services)
2026-06-30 20:30:44.589 [pool-3-thread-1] INFO  com.rs.mv.mvvs.client.catalog.from.scan.CurrentPathScanner - [client:400205]scan file in current open file directory(C:/Users/mrviv/SmartERP/backend/src/controllers)
2026-06-30 20:30:52.205 [pool-3-thread-1] INFO  com.rs.mv.mvvs.client.catalog.from.scan.CurrentPathScanner - [client:400205]scan file in current open file directory(C:/Users/mrviv/SmartERP/backend/src/controllers)
2026-06-30 20:31:02.601 [pool-3-thread-1] INFO  com.rs.mv.mvvs.client.catalog.from.scan.CurrentPathScanner - [client:400205]scan file in current open file directory(C:/Users/mrviv/SmartERP/backend/src/controllers)
2026-06-30 20:31:10.059 [pool-3-thread-1] INFO  com.rs.mv.mvvs.client.catalog.from.scan.CurrentPathScanner - [client:400205]scan file in current open file directory(C:/Users/mrviv/SmartERP/backend/src/controllers)
2026-06-30 20:31:16.113 [pool-3-thread-1] INFO  com.rs.mv.mvvs.client.catalog.from.scan.CurrentPathScanner - [client:400205]scan file in current open file directory(C:/Users/mrviv/SmartERP/backend/src/controllers)
2026-06-30 20:33:27.583 [pool-3-thread-1] INFO  com.rs.mv.mvvs.client.catalog.from.scan.CurrentPathScanner - [client:400205]scan file in current open file directory(C:/Users/mrviv/SmartERP/backend/src/routes)
2026-06-30 20:34:07.021 [pool-3-thread-1] INFO  com.rs.mv.mvvs.client.catalog.from.scan.CurrentPathScanner - [client:400205]scan file in current open file directory(C:/Users/mrviv/SmartERP/backend)
2026-06-30 20:34:57.937 [pool-3-thread-1] INFO  com.rs.mv.mvvs.client.catalog.from.scan.CurrentPathScanner - [client:400205]scan file in current open file directory(C:/Users/mrviv/SmartERP/frontend/src/services)
2026-06-30 20:35:44.357 [pool-3-thread-1] INFO  com.rs.mv.mvvs.client.catalog.from.scan.CurrentPathScanner - [client:400205]scan file in current open file directory(C:/Users/mrviv/SmartERP/frontend/src/pages/Groups)
2026-06-30 20:36:03.665 [pool-3-thread-1] INFO  com.rs.mv.mvvs.client.catalog.from.scan.CurrentPathScanner - [client:400205]scan file in current open file directory(C:/Users/mrviv/SmartERP/frontend/src/pages/Groups)
2026-06-30 20:36:25.279 [pool-3-thread-1] INFO  com.rs.mv.mvvs.client.catalog.from.scan.CurrentPathScanner - [client:400205]scan file in current open file directory(C:/Users/mrviv/SmartERP/frontend/src/components/Group)
2026-06-30 20:36:29.645 [pool-3-thread-1] INFO  com.rs.mv.mvvs.client.catalog.from.scan.CurrentPathScanner - [client:400205]scan file in current open file directory(C:/Users/mrviv/SmartERP/frontend/src/pages/Groups)
2026-06-30 20:36:33.729 [pool-3-thread-1] INFO  com.rs.mv.mvvs.client.catalog.from.scan.CurrentPathScanner - [client:400205]scan file in current open file directory(C:/Users/mrviv/SmartERP/frontend/src/components/Group)
2026-06-30 20:36:35.637 [pool-3-thread-1] INFO  com.rs.mv.mvvs.client.catalog.from.scan.CurrentPathScanner - [client:400205]scan file in current open file directory(C:/Users/mrviv/SmartERP/frontend/src/pages/Groups)
2026-06-30 20:36:39.697 [pool-3-thread-1] INFO  com.rs.mv.mvvs.client.catalog.from.scan.CurrentPathScanner - [client:400205]scan file in current open file directory(C:/Users/mrviv/SmartERP/frontend/src/components/Group)
2026-06-30 20:36:42.008 [pool-3-thread-1] INFO  com.rs.mv.mvvs.client.catalog.from.scan.CurrentPathScanner - [client:400205]scan file in current open file directory(C:/Users/mrviv/SmartERP/frontend/src/pages/Groups)
2026-06-30 20:36:43.447 [pool-3-thread-1] INFO  com.rs.mv.mvvs.client.catalog.from.scan.CurrentPathScanner - [client:400205]scan file in current open file directory(C:/Users/mrviv/SmartERP/frontend/src/components/Group)
2026-06-30 20:36:44.623 [pool-3-thread-1] INFO  com.rs.mv.mvvs.client.catalog.from.scan.CurrentPathScanner - [client:400205]scan file in current open file directory(C:/Users/mrviv/SmartERP/frontend/src/pages/Groups)
2026-06-30 20:36:45.930 [pool-3-thread-1] INFO  com.rs.mv.mvvs.client.catalog.from.scan.CurrentPathScanner - [client:400205]scan file in current open file directory(C:/Users/mrviv/SmartERP/frontend/src/components/Group)
2026-06-30 20:36:47.148 [pool-3-thread-1] INFO  com.rs.mv.mvvs.client.catalog.from.scan.CurrentPathScanner - [client:400205]scan file in current open file directory(C:/Users/mrviv/SmartERP/frontend/src/pages/Groups)
2026-06-30 20:36:48.289 [pool-3-thread-1] INFO  com.rs.mv.mvvs.client.catalog.from.scan.CurrentPathScanner - [client:400205]scan file in current open file directory(C:/Users/mrviv/SmartERP/frontend/src/components/Group)
2026-06-30 20:37:45.726 [pool-3-thread-1] INFO  com.rs.mv.mvvs.client.catalog.from.scan.CurrentPathScanner - [client:400205]scan file in current open file directory(C:/Users/mrviv/SmartERP/frontend/src/pages/Groups)
2026-06-30 20:37:49.220 [pool-3-thread-1] INFO  com.rs.mv.mvvs.client.catalog.from.scan.CurrentPathScanner - [client:400205]scan file in current open file directory(C:/Users/mrviv/SmartERP/frontend/src/components/Group)
2026-06-30 20:38:01.698 [pool-3-thread-1] INFO  com.rs.mv.mvvs.client.catalog.from.scan.CurrentPathScanner - [client:400205]scan file in current open file directory(C:/Users/mrviv/SmartERP/frontend/src/components/Group)
2026-06-30 20:38:10.276 [pool-3-thread-1] INFO  com.rs.mv.mvvs.client.catalog.from.scan.CurrentPathScanner - [client:400205]scan file in current open file directory(C:/Users/mrviv/SmartERP/frontend/src/components/Group)
2026-06-30 20:38:37.649 [pool-3-thread-1] INFO  com.rs.mv.mvvs.client.catalog.from.scan.CurrentPathScanner - [client:400205]scan file in current open file directory(C:/Users/mrviv/SmartERP/frontend/src)
2026-06-30 20:39:24.389 [pool-3-thread-1] INFO  com.rs.mv.mvvs.client.catalog.from.scan.CurrentPathScanner - [client:400205]scan file in current open file directory(C:/Users/mrviv/SmartERP/frontend/src/components/Sidebar)
2026-06-30 20:40:25.020 [pool-3-thread-1] INFO  com.rs.mv.mvvs.client.catalog.from.scan.CurrentPathScanner - [client:400205]scan file in current open file directory(C:/Users/mrviv/SmartERP/backend)
2026-06-30 20:47:07.904 [pool-3-thread-1] INFO  com.rs.mv.mvvs.client.catalog.from.scan.CurrentPathScanner - [client:400205]scan file in current open file directory(C:/Users/mrviv/SmartERP/backend/src/controllers)
2026-06-30 20:47:43.122 [pool-3-thread-1] INFO  com.rs.mv.mvvs.client.catalog.from.scan.CurrentPathScanner - [client:400205]scan file in current open file directory(C:/Users/mrviv/SmartERP/frontend/src/components/Group)
2026-06-30 20:48:55.514 [pool-3-thread-1] INFO  com.rs.mv.mvvs.client.catalog.from.scan.CurrentPathScanner - [client:400205]scan file in current open file directory(C:/Users/mrviv/SmartERP/frontend/src/components/Group/Ledgers)
2026-06-30 20:49:06.951 [pool-3-thread-1] INFO  com.rs.mv.mvvs.client.catalog.from.scan.CurrentPathScanner - [client:400205]scan file in current open file directory(C:/Users/mrviv/SmartERP/frontend/src/components/Group/Ledgers)
2026-06-30 20:49:14.063 [pool-3-thread-1] INFO  com.rs.mv.mvvs.client.catalog.from.scan.CurrentPathScanner - [client:400205]scan file in current open file directory(C:/Users/mrviv/SmartERP/frontend/src/components/Group/Ledgers)
2026-06-30 20:49:58.229 [pool-3-thread-1] INFO  com.rs.mv.mvvs.client.catalog.from.scan.CurrentPathScanner - [client:400205]scan file in current open file directory(C:/Users/mrviv/SmartERP/frontend/src/components/Group)
2026-06-30 20:50:33.594 [pool-3-thread-1] INFO  com.rs.mv.mvvs.client.catalog.from.scan.CurrentPathScanner - [client:400205]scan file in current open file directory(C:/Users/mrviv/SmartERP/frontend/src/pages/Ledgers)
2026-06-30 20:51:03.743 [pool-3-thread-1] INFO  com.rs.mv.mvvs.client.catalog.from.scan.CurrentPathScanner - [client:400205]scan file in current open file directory(C:/Users/mrviv/SmartERP/frontend/src/services)
2026-06-30 20:51:49.152 [pool-3-thread-1] INFO  com.rs.mv.mvvs.client.catalog.from.scan.CurrentPathScanner - [client:400205]scan file in current open file directory(C:/Users/mrviv/SmartERP/frontend/src/pages)
2026-06-30 20:51:52.322 [pool-3-thread-1] INFO  com.rs.mv.mvvs.client.catalog.from.scan.CurrentPathScanner - [client:400205]scan file in current open file directory(C:/Users/mrviv/SmartERP/frontend/src/services)
2026-06-30 20:52:08.978 [pool-3-thread-1] INFO  com.rs.mv.mvvs.client.catalog.from.scan.CurrentPathScanner - [client:400205]scan file in current open file directory(C:/Users/mrviv/SmartERP/backend/src/controllers)
2026-06-30 20:54:34.321 [pool-3-thread-1] INFO  com.rs.mv.mvvs.client.catalog.from.scan.CurrentPathScanner - [client:400205]scan file in current open file directory(C:/Users/mrviv/SmartERP/backend/src/routes)
2026-06-30 20:54:51.649 [pool-3-thread-1] INFO  com.rs.mv.mvvs.client.catalog.from.scan.CurrentPathScanner - [client:400205]scan file in current open file directory(C:/Users/mrviv/SmartERP/backend)
2026-06-30 20:55:47.276 [pool-3-thread-1] INFO  com.rs.mv.mvvs.client.catalog.from.scan.CurrentPathScanner - [client:400205]scan file in current open file directory(C:/Users/mrviv/SmartERP/frontend/src/services)
2026-06-30 20:56:53.649 [pool-3-thread-1] INFO  com.rs.mv.mvvs.client.catalog.from.scan.CurrentPathScanner - [client:400205]scan file in current open file directory(C:/Users/mrviv/SmartERP/frontend/src/pages/Ledgers)
2026-06-30 20:58:06.446 [pool-3-thread-1] INFO  com.rs.mv.mvvs.client.catalog.from.scan.CurrentPathScanner - [client:400205]scan file in current open file directory(C:/Users/mrviv/SmartERP/frontend/src/components/Ledger)
2026-06-30 20:58:16.717 [pool-3-thread-1] INFO  com.rs.mv.mvvs.client.catalog.from.scan.CurrentPathScanner - [client:400205]scan file in current open file directory(C:/Users/mrviv/SmartERP/frontend/src/components/Ledger)
2026-06-30 20:58:37.028 [pool-3-thread-1] INFO  com.rs.mv.mvvs.client.catalog.from.scan.CurrentPathScanner - [client:400205]scan file in current open file directory(C:/Users/mrviv/SmartERP/frontend/src/components/Ledger)
2026-06-30 20:59:21.993 [pool-3-thread-1] INFO  com.rs.mv.mvvs.client.catalog.from.scan.CurrentPathScanner - [client:400205]scan file in current open file directory(C:/Users/mrviv/SmartERP/frontend/src/services)
2026-06-30 20:59:39.717 [pool-3-thread-1] INFO  com.rs.mv.mvvs.client.catalog.from.scan.CurrentPathScanner - [client:400205]scan file in current open file directory(C:/Users/mrviv/SmartERP/frontend/src/pages/Ledgers)
2026-06-30 21:01:15.911 [pool-3-thread-1] INFO  com.rs.mv.mvvs.client.catalog.from.scan.CurrentPathScanner - [client:400205]scan file in current open file directory(C:/Users/mrviv/SmartERP/frontend/src/components/Ledger)
2026-06-30 21:04:40.436 [pool-3-thread-1] INFO  com.rs.mv.mvvs.client.catalog.from.scan.CurrentPathScanner - [client:400205]scan file in current open file directory(C:/Users/mrviv/SmartERP/backend/src/controllers)
2026-06-30 21:05:05.132 [pool-3-thread-1] INFO  com.rs.mv.mvvs.client.catalog.from.scan.CurrentPathScanner - [client:400205]scan file in current open file directory(C:/Users/mrviv/SmartERP/backend/src/routes)
2026-06-30 21:08:33.488 [pool-3-thread-1] INFO  com.rs.mv.mvvs.client.catalog.from.scan.CurrentPathScanner - [client:400205]scan file in current open file directory(C:/Users/mrviv/SmartERP/backend/src/services)
2026-06-30 21:09:27.072 [pool-3-thread-1] INFO  com.rs.mv.mvvs.client.catalog.from.scan.CurrentPathScanner - [client:400205]scan file in current open file directory(C:/Users/mrviv/SmartERP/backend/src/controllers)
2026-06-30 21:10:14.053 [pool-3-thread-1] INFO  com.rs.mv.mvvs.client.catalog.from.scan.CurrentPathScanner - [client:400205]scan file in current open file directory(C:/Users/mrviv/SmartERP/backend/src/routes)
2026-06-30 21:10:26.042 [pool-3-thread-1] INFO  com.rs.mv.mvvs.client.catalog.from.scan.CurrentPathScanner - [client:400205]scan file in current open file directory(C:/Users/mrviv/SmartERP/backend)
2026-06-30 21:12:06.032 [pool-3-thread-1] INFO  com.rs.mv.mvvs.client.catalog.from.scan.CurrentPathScanner - [client:400205]scan file in current open file directory(C:/Users/mrviv/SmartERP/backend/src/controllers)
2026-06-30 21:14:34.887 [pool-3-thread-1] INFO  com.rs.mv.mvvs.client.catalog.from.scan.CurrentPathScanner - [client:400205]scan file in current open file directory(C:/Users/mrviv/SmartERP/backend/src/controllers)
2026-06-30 21:18:02.738 [pool-3-thread-1] INFO  com.rs.mv.mvvs.client.catalog.from.scan.CurrentPathScanner - [client:400205]scan file in current open file directory(C:/Users/mrviv/SmartERP/backend/src/controllers)
2026-06-30 21:18:58.407 [pool-3-thread-1] INFO  com.rs.mv.mvvs.client.catalog.from.scan.CurrentPathScanner - [client:400205]scan file in current open file directory(C:/Users/mrviv/SmartERP/backend/src/controllers)
2026-06-30 23:48:06.934 [pool-3-thread-1] INFO  com.rs.mv.mvvs.client.catalog.from.scan.CurrentPathScanner - [client:400205]scan file in current open file directory(C:/Users/mrviv/SmartERP/backend/src/controllers)
